<?xml version="1.0" encoding="utf-8"?><testsuites name="pytest tests"><testsuite name="pytest" errors="0" failures="0" skipped="0" tests="49" time="52.863" timestamp="2026-07-09T20:58:05.351964+00:00" hostname="agent-env-fda4f6ed-b82e-47ce-9d64-25e60add53eb"><testcase classname="tests.backend_test.TestAuth" name="test_login_demo_user" time="0.785" /><testcase classname="tests.test_phase2.TestStats" name="test_stats_me" time="0.788" /><testcase classname="tests.backend_test.TestAuth" name="test_login_wrong_password" time="0.297" /><testcase classname="tests.test_phase2.TestStats" name="test_heatmap_365" time="0.259" /><testcase classname="tests.test_phase2.TestStats" name="test_weekly_7_ordered" time="0.077" /><testcase classname="tests.backend_test.TestAuth" name="test_signup_creates_user_and_cookie" time="0.297" /><testcase classname="tests.test_phase2.TestStats" name="test_monthly_30" time="0.264" /><testcase classname="tests.backend_test.TestAuth" name="test_signup_duplicate_email" time="0.330" /><testcase classname="tests.test_phase2.TestStats" name="test_subjects" time="0.249" /><testcase classname="tests.test_phase2.TestStats" name="test_hour_of_day" time="0.072" /><testcase classname="tests.test_phase3.TestAuthRequired" name="test_mentor_sessions_requires_auth" time="0.031" /><testcase classname="tests.backend_test.TestAuth" name="test_me_returns_401_when_unauthenticated" time="0.028" /><testcase classname="tests.backend_test.TestAuth" name="test_me_with_cookie" time="0.258" /><testcase classname="tests.test_phase3.TestAuthRequired" name="test_mentor_chat_requires_auth" time="0.291" /><testcase classname="tests.backend_test.TestAuth" name="test_me_with_bearer_token" time="0.326" /><testcase classname="tests.test_phase3.TestAuthRequired" name="test_mentor_quick_requires_auth" time="0.260" /><testcase classname="tests.test_phase3.TestAuthRequired" name="test_study_plan_active_requires_auth" time="0.071" /><testcase classname="tests.backend_test.TestAuth" name="test_logout_invalidates_session" time="0.330" /><testcase classname="tests.test_phase3.TestAuthRequired" name="test_study_plan_generate_requires_auth" time="0.252" /><testcase classname="tests.backend_test.TestHealthAndOpenAPI" name="test_root_endpoint" time="0.072" /><testcase classname="tests.backend_test.TestHealthAndOpenAPI" name="test_openapi_public" time="0.224" /><testcase classname="tests.backend_test.TestOnboarding" name="test_onboarding_requires_auth" time="0.072" /><testcase classname="tests.test_phase3.TestSeededMentor" name="test_two_seeded_sessions" time="0.306" /><testcase classname="tests.test_phase3.TestSeededMentor" name="test_get_session_ind_as_115" time="0.052" /><testcase classname="tests.backend_test.TestOnboarding" name="test_onboarding_saves_updates" time="0.626" /><testcase classname="tests.test_phase3.TestSeededMentor" name="test_get_session_gst" time="0.234" /><testcase classname="tests.test_phase2.TestPublicEndpoints" name="test_live_pulse_public" time="0.035" /><testcase classname="tests.test_phase2.TestPublicEndpoints" name="test_openapi_public" time="0.030" /><testcase classname="tests.test_phase2.TestFocusFlow" name="test_focus_start_active_complete" time="0.849" /><testcase classname="tests.backend_test.TestSyllabus" name="test_syllabus_returns_seeded_data" time="0.030" /><testcase classname="tests.backend_test.TestSyllabus" name="test_syllabus_filter_by_level" time="0.031" /><testcase classname="tests.test_phase3.TestMentorQuick" name="test_a_quick_streams_and_no_persist" time="6.146" /><testcase classname="tests.test_phase2.TestFocusFlow" name="test_focus_cancel" time="0.530" /><testcase classname="tests.test_phase3.TestMentorCreate" name="test_create_session_titles_from_message" time="0.259" /><testcase classname="tests.test_phase3.TestMentorCreate" name="test_delete_soft_deletes" time="0.099" /><testcase classname="tests.test_phase3.TestPhase2Regression" name="test_dashboard_and_focus_flow" time="0.070" /><testcase classname="tests.test_phase3.TestPhase2Regression" name="test_live_pulse_public" time="0.050" /><testcase classname="tests.backend_test.TestSeedIdempotent" name="test_seed_twice_no_duplicates" time="0.684" /><testcase classname="tests.test_phase2.TestAuthRegression" name="test_login_demo" time="0.293" /><testcase classname="tests.test_phase2.TestAchievements" name="test_achievements_shape" time="0.287" /><testcase classname="tests.test_phase2.TestDashboard" name="test_dashboard" time="0.036" /><testcase classname="tests.test_phase2.TestOnboardingAndFounder" name="test_signup_unlocks_founder_and_onboarding_city" time="0.429" /><testcase classname="tests.test_phase2.TestSeedIdempotency" name="test_seed_idempotent_no_dup_sessions" time="0.965" /><testcase classname="tests.test_phase3.TestOpenAPIPhase3" name="test_openapi_lists_phase3_endpoints" time="0.031" /><testcase classname="tests.test_phase3.TestMentorChatStream" name="test_chat_streams_sse" time="6.683" /><testcase classname="tests.test_phase3.TestMentorQuick" name="test_z_quick_rate_limit" time="0.311" /><testcase classname="tests.test_phase3.TestStudyPlan" name="test_active_plan_seeded" time="0.293" /><testcase classname="tests.test_phase3.TestStudyPlan" name="test_generate_archives_previous_then_archive_returns_null" time="42.115" /><testcase classname="tests.test_phase3.TestSeedIdempotencyAfterPhase3" name="test_reseed_after_operations" time="0.588" /></testsuite></testsuites>