<?xml version="1.0" encoding="utf-8"?><testsuites name="pytest tests"><testsuite name="pytest" errors="0" failures="1" skipped="0" tests="8" time="77.437" timestamp="2026-07-09T21:27:48.416030+00:00" hostname="agent-env-fda4f6ed-b82e-47ce-9d64-25e60add53eb"><testcase classname="tests.test_phase3_fixes.TestFix1StudyPlanSSE" name="test_generate_streams_start_progress_done" time="76.544" /><testcase classname="tests.test_phase3_fixes.TestFix2CitationsHardened" name="test_live_chat_citations_have_clean_fields" time="19.860"><failure message="AssertionError: citation[0].section is null/empty: {'act': 'Income Tax Act, 1961', 'section': None, 'note': None}&#10;assert None&#10; +  where None = &lt;built-in method get of dict object at 0xfb9cbed84280&gt;('section')&#10; +    where &lt;built-in method get of dict object at 0xfb9cbed84280&gt; = {'act': 'Income Tax Act, 1961', 'section': None, 'note': None}.get">backend/tests/test_phase3_fixes.py:168: in test_live_chat_citations_have_clean_fields
    assert c0.get("section"), f"citation[0].section is null/empty: {c0}"
E   AssertionError: citation[0].section is null/empty: {'act': 'Income Tax Act, 1961', 'section': None, 'note': None}
E   assert None
E    +  where None = &lt;built-in method get of dict object at 0xfb9cbed84280&gt;('section')
E    +    where &lt;built-in method get of dict object at 0xfb9cbed84280&gt; = {'act': 'Income Tax Act, 1961', 'section': None, 'note': None}.get</failure></testcase><testcase classname="tests.test_phase3_fixes.TestFix2CitationsHardened" name="test_compact_form_parses_three_fields" time="1.618" /><testcase classname="tests.test_phase3_fixes.TestFix2CitationsHardened" name="test_labeled_form_parses_three_fields" time="0.000" /><testcase classname="tests.test_phase3_fixes.TestFix4DashboardXpAlias" name="test_dashboard_has_both_xp_fields" time="0.020" /><testcase classname="tests.test_phase3_fixes.TestNoCitationSelftestWarnings" name="test_current_startup_no_warnings" time="0.002" /><testcase classname="tests.test_phase3_fixes.TestFix1StudyPlanSSE" name="test_1b_active_returns_freshly_generated" time="0.346" /><testcase classname="tests.test_phase3_fixes.TestFix3SessionFlatShape" name="test_get_session_has_top_level_title_and_message_count" time="0.053" /></testsuite></testsuites>