<?xml version="1.0" encoding="utf-8"?><testsuites name="pytest tests"><testsuite name="pytest" errors="0" failures="1" skipped="0" tests="9" time="29.290" timestamp="2026-07-09T21:50:14.069361+00:00" hostname="agent-env-fda4f6ed-b82e-47ce-9d64-25e60add53eb"><testcase classname="tests.test_phase3_fixes.TestFix2CitationsHardened" name="test_multiline_labeled_grouped_into_one_citation" time="1.829" /><testcase classname="tests.test_phase3_fixes.TestFix3SessionFlatShape" name="test_get_session_has_top_level_title_and_message_count" time="0.617" /><testcase classname="tests.test_phase3_fixes.TestFix4DashboardXpAlias" name="test_dashboard_has_both_xp_fields" time="0.058" /><testcase classname="tests.test_phase3_fixes.TestNoCitationSelftestWarnings" name="test_current_startup_no_warnings" time="0.001" /><testcase classname="tests.test_phase3_fixes.TestFix2CitationsHardened" name="test_multiline_dash_bullet_variant_grouped" time="0.000" /><testcase classname="tests.test_phase3_fixes.TestFix2CitationsHardened" name="test_compact_form_still_parses" time="0.000" /><testcase classname="tests.test_phase3_fixes.TestFix2CitationsHardened" name="test_single_line_labeled_still_parses" time="0.000" /><testcase classname="tests.test_phase3_fixes.TestFix2CitationsHardened" name="test_live_chat_multiline_labeled_prompt" time="18.268"><failure message="AssertionError: citation[0].section null — grouping failed. c0={'act': 'Act/Standard:', 'section': None, 'note': None}, all cits=[{'act': 'Act/Standard:', 'section': None, 'note': None}, {'act': 'Income Tax Act, 1961', 'section': None, 'note': None}, {'act': 'Section/Para:', 'section': None, 'note': None}, {'act': 'Section 44AD', 'section': None, 'note': None}, {'act': 'Note:', 'section': None, 'note': None}, {'act': 'Presumptive taxation scheme for small businesses with turnover up to ₹2 crore; presumes profit at 8%/6% of turnover with exemption from books and audit.', 'section': None, 'note': None}], content_tail='isions apply\n\n**Lock-in:** If you opt out once, you **cannot re-enter** 44AD for the **next 5 assessment years**. This is the penalty for breaking the presumption.\n\n## Example\n\n**Facts:**\n- Turnover: ₹1,80,00,000\n- Digital receipts: ₹1,50,00,000\n- Cash receipts: ₹30,00,000\n\n**Computation:**\n- Profit on digital receipts = ₹1,50,00,000 × 8% = ₹12,00,000\n- Profit on cash receipts = ₹30,00,000 × 6% = ₹1,80,000\n- **Total deemed profit = ₹13,80,000**\n\nThis ₹13.8 lakh is your taxable business income. You cannot claim any actual expenses against it.\n\n---\n\n## SOURCES\n\n**Act/Standard:**\nIncome Tax Act, 1961\n\n**Section/Para:**\nSection 44AD\n\n**Note:**\nPresumptive taxation scheme for small businesses with turnover up to ₹2 crore; presumes profit at 8%/6% of turnover with exemption from books and audit.'&#10;assert None&#10; +  where None = &lt;built-in method get of dict object at 0xfdab4bde5440&gt;('section')&#10; +    where &lt;built-in method get of dict object at 0xfdab4bde5440&gt; = {'act': 'Act/Standard:', 'section': None, 'note': None}.get">tests/test_phase3_fixes.py:294: in test_live_chat_multiline_labeled_prompt
    assert c0.get("section"), \
E   AssertionError: citation[0].section null — grouping failed. c0={'act': 'Act/Standard:', 'section': None, 'note': None}, all cits=[{'act': 'Act/Standard:', 'section': None, 'note': None}, {'act': 'Income Tax Act, 1961', 'section': None, 'note': None}, {'act': 'Section/Para:', 'section': None, 'note': None}, {'act': 'Section 44AD', 'section': None, 'note': None}, {'act': 'Note:', 'section': None, 'note': None}, {'act': 'Presumptive taxation scheme for small businesses with turnover up to ₹2 crore; presumes profit at 8%/6% of turnover with exemption from books and audit.', 'section': None, 'note': None}], content_tail='isions apply\n\n**Lock-in:** If you opt out once, you **cannot re-enter** 44AD for the **next 5 assessment years**. This is the penalty for breaking the presumption.\n\n## Example\n\n**Facts:**\n- Turnover: ₹1,80,00,000\n- Digital receipts: ₹1,50,00,000\n- Cash receipts: ₹30,00,000\n\n**Computation:**\n- Profit on digital receipts = ₹1,50,00,000 × 8% = ₹12,00,000\n- Profit on cash receipts = ₹30,00,000 × 6% = ₹1,80,000\n- **Total deemed profit = ₹13,80,000**\n\nThis ₹13.8 lakh is your taxable business income. You cannot claim any actual expenses against it.\n\n---\n\n## SOURCES\n\n**Act/Standard:**\nIncome Tax Act, 1961\n\n**Section/Para:**\nSection 44AD\n\n**Note:**\nPresumptive taxation scheme for small businesses with turnover up to ₹2 crore; presumes profit at 8%/6% of turnover with exemption from books and audit.'
E   assert None
E    +  where None = &lt;built-in method get of dict object at 0xfdab4bde5440&gt;('section')
E    +    where &lt;built-in method get of dict object at 0xfdab4bde5440&gt; = {'act': 'Act/Standard:', 'section': None, 'note': None}.get</failure></testcase><testcase classname="tests.test_phase3_fixes.TestFix2CitationsHardened" name="test_live_chat_compact_form_prompt" time="8.567" /></testsuite></testsuites>