<?xml version="1.0" encoding="utf-8"?><testsuites name="pytest tests"><testsuite name="pytest" errors="0" failures="0" skipped="0" tests="13" time="2.797" timestamp="2026-07-13T11:05:47.276909+00:00" hostname="agent-env-fda4f6ed-b82e-47ce-9d64-25e60add53eb"><testcase classname="tests.test_iter12_retest.TestFixContentPostsTag" name="test_tag_foundation_returns_at_least_4" time="2.540" /><testcase classname="tests.test_iter12_retest.TestFixContentPostsTag" name="test_tag_and_explicit_level_still_respected" time="0.005" /><testcase classname="tests.test_iter12_retest.TestFixContentPostsTag" name="test_anonymous_no_query_returns_all_22" time="0.031" /><testcase classname="tests.test_iter12_retest.TestFixAccountExport" name="test_export_includes_mock_and_flashcard_arrays" time="0.012" /><testcase classname="tests.test_iter12_retest.TestFixAccountExport" name="test_export_prior_keys_still_present" time="0.011" /><testcase classname="tests.test_iter12_retest.TestFixAccountExport" name="test_export_session_tokens_redacted" time="0.011" /><testcase classname="tests.test_iter12_retest.TestRegressionBasics" name="test_openapi_public" time="0.018" /><testcase classname="tests.test_iter12_retest.TestRegressionBasics" name="test_security_headers_present" time="0.004" /><testcase classname="tests.test_iter12_retest.TestRegressionPhase5" name="test_mocks_list" time="0.008" /><testcase classname="tests.test_iter12_retest.TestRegressionPhase5" name="test_flashcard_decks_list" time="0.011" /><testcase classname="tests.test_iter12_retest.TestRegressionPhase5" name="test_flashcards_stats" time="0.047" /><testcase classname="tests.test_iter12_retest.TestRegressionPhase5" name="test_mocks_history" time="0.006" /><testcase classname="tests.test_iter12_retest.TestRegressionRadar" name="test_radar_summary" time="0.047" /></testsuite></testsuites>