<?xml version="1.0" encoding="utf-8"?><testsuites name="pytest tests"><testsuite name="pytest" errors="0" failures="2" skipped="1" tests="18" time="2.734" timestamp="2026-07-13T10:56:46.771519+00:00" hostname="agent-env-fda4f6ed-b82e-47ce-9d64-25e60add53eb"><testcase classname="tests.test_phase5_mocks_flashcards.TestPhase4Fixes" name="test_radar_summary_unread_decrements_after_dismiss" time="0.739" /><testcase classname="tests.test_phase5_mocks_flashcards.TestPhase4Fixes" name="test_content_posts_tag_foundation_cross_match" time="0.005"><failure message="AssertionError: expected &gt;=4 Foundation-tagged posts (including cross-match), got 3&#10;assert 3 &gt;= 4&#10; +  where 3 = len([{'post_id': 'post_pomodorofailsfor', 'slug': 'pomodoro-fails-for-numericals', 'title': 'Why 25/5 Pomodoro fails for numericals', 'excerpt': &quot;A rebuttal to the internet's favourite productivity system, plus the working-set-based method that actually holds up under Costing pressure.&quot;, ...}, {'post_id': 'post_notesvsrecall', 'slug': 'notes-vs-recall', 'title': 'Notes vs. recall: pick one', 'excerpt': &quot;The single biggest waste of study time in CA prep is prettified notes. Here's the case for switching to active recall — with evidence.&quot;, ...}, {'post_id': 'post_mentalhealthduri', 'slug': 'mental-health-during-ca', 'title': 'Mental health during CA prep', 'excerpt': 'Nobody talks about it enough. A frank essay on burnout, isolation, and how to prep sustainably for a multi-year exam.', ...}])">tests/test_phase5_mocks_flashcards.py:55: in test_content_posts_tag_foundation_cross_match
    assert len(items) &gt;= 4, f"expected &gt;=4 Foundation-tagged posts (including cross-match), got {len(items)}"
E   AssertionError: expected &gt;=4 Foundation-tagged posts (including cross-match), got 3
E   assert 3 &gt;= 4
E    +  where 3 = len([{'post_id': 'post_pomodorofailsfor', 'slug': 'pomodoro-fails-for-numericals', 'title': 'Why 25/5 Pomodoro fails for numericals', 'excerpt': "A rebuttal to the internet's favourite productivity system, plus the working-set-based method that actually holds up under Costing pressure.", ...}, {'post_id': 'post_notesvsrecall', 'slug': 'notes-vs-recall', 'title': 'Notes vs. recall: pick one', 'excerpt': "The single biggest waste of study time in CA prep is prettified notes. Here's the case for switching to active recall — with evidence.", ...}, {'post_id': 'post_mentalhealthduri', 'slug': 'mental-health-during-ca', 'title': 'Mental health during CA prep', 'excerpt': 'Nobody talks about it enough. A frank essay on burnout, isolation, and how to prep sustainably for a multi-year exam.', ...}])</failure></testcase><testcase classname="tests.test_phase5_mocks_flashcards.TestPhase4Fixes" name="test_content_posts_level_foundation_nonempty" time="0.006" /><testcase classname="tests.test_phase5_mocks_flashcards.TestMocksList" name="test_mocks_list_returns_8" time="0.007" /><testcase classname="tests.test_phase5_mocks_flashcards.TestMockAttemptFlow" name="test_start_strips_answers_and_is_idempotent" time="0.012" /><testcase classname="tests.test_phase5_mocks_flashcards.TestMockAttemptFlow" name="test_answer_save_and_update_no_duplicate" time="0.098" /><testcase classname="tests.test_phase5_mocks_flashcards.TestMockAttemptFlow" name="test_full_submit_flow_and_history" time="0.806" /><testcase classname="tests.test_phase5_mocks_flashcards.TestFlashcards" name="test_decks_returns_10" time="0.010" /><testcase classname="tests.test_phase5_mocks_flashcards.TestFlashcards" name="test_queue_returns_cards_with_progress" time="0.005" /><testcase classname="tests.test_phase5_mocks_flashcards.TestFlashcards" name="test_sm2_grade_3_on_new_card" time="0.004"><skipped type="pytest.skip" message="no unstudied cards in this deck">/app/backend/tests/test_phase5_mocks_flashcards.py:186: no unstudied cards in this deck</skipped></testcase><testcase classname="tests.test_phase5_mocks_flashcards.TestFlashcards" name="test_sm2_grade_0_resets" time="0.390" /><testcase classname="tests.test_phase5_mocks_flashcards.TestFlashcards" name="test_flashcard_stats_mastered_count" time="0.047" /><testcase classname="tests.test_phase5_mocks_flashcards.TestRateLimits" name="test_submit_rate_limit_hits_429" time="0.508" /><testcase classname="tests.test_phase5_mocks_flashcards.TestRegression" name="test_account_export_includes_mock_and_flashcard" time="0.023"><failure message="AssertionError: assert 'mock_attempts' in {'exported_at': '2026-07-13T10:56:49.459892+00:00', 'user_id': 'user_4cb8c3c6f572', 'profile': {'user_id': 'user_4cb8c3c6f572', 'email': 'demo@cagrid.in', 'name': 'Demo Aspirant', 'picture': None, ...}, 'user_stats': {'user_id': 'user_4cb8c3c6f572', 'best_streak': 14, 'current_streak': 14, 'last_active_date': '2026-07-13', ...}, ...}">tests/test_phase5_mocks_flashcards.py:273: in test_account_export_includes_mock_and_flashcard
    assert "mock_attempts" in j
E   AssertionError: assert 'mock_attempts' in {'exported_at': '2026-07-13T10:56:49.459892+00:00', 'user_id': 'user_4cb8c3c6f572', 'profile': {'user_id': 'user_4cb8c3c6f572', 'email': 'demo@cagrid.in', 'name': 'Demo Aspirant', 'picture': None, ...}, 'user_stats': {'user_id': 'user_4cb8c3c6f572', 'best_streak': 14, 'current_streak': 14, 'last_active_date': '2026-07-13', ...}, ...}</failure></testcase><testcase classname="tests.test_phase5_mocks_flashcards.TestRegression" name="test_dashboard_still_works" time="0.011" /><testcase classname="tests.test_phase5_mocks_flashcards.TestRegression" name="test_syllabus_still_works" time="0.006" /><testcase classname="tests.test_phase5_mocks_flashcards.TestRegression" name="test_radar_alerts_still_works" time="0.007" /><testcase classname="tests.test_phase5_mocks_flashcards.TestRegression" name="test_content_posts_still_works" time="0.006" /></testsuite></testsuites>