<?xml version="1.0" encoding="utf-8"?><testsuites name="pytest tests"><testsuite name="pytest" errors="0" failures="1" skipped="0" tests="14" time="138.073" timestamp="2026-07-09T22:20:44.694410+00:00" hostname="agent-env-fda4f6ed-b82e-47ce-9d64-25e60add53eb"><testcase classname="tests.test_phase35_hardening.TestSecurityHeaders" name="test_headers_present_on_root" time="0.063" /><testcase classname="tests.test_phase35_hardening.TestCORS" name="test_evil_origin_rejected" time="0.070" /><testcase classname="tests.test_phase35_hardening.TestCORS" name="test_frontend_origin_allowed" time="0.070" /><testcase classname="tests.test_phase35_hardening.TestPasswordStrength" name="test_short_password_rejected" time="0.032" /><testcase classname="tests.test_phase35_hardening.TestPasswordStrength" name="test_common_password_rejected" time="0.043" /><testcase classname="tests.test_phase35_hardening.TestPasswordStrength" name="test_strong_password_accepted" time="0.376" /><testcase classname="tests.test_phase35_hardening.TestOpenAPI" name="test_openapi_public" time="0.037" /><testcase classname="tests.test_phase35_hardening.TestAccountExport" name="test_export_returns_json_dump_with_headers_and_redactions" time="0.560" /><testcase classname="tests.test_phase35_hardening.TestAccountDelete" name="test_delete_wipes_and_invalidates_session" time="0.390" /><testcase classname="tests.test_phase35_hardening.TestClientErrors" name="test_anonymous_post_ok" time="0.070" /><testcase classname="tests.test_phase35_hardening.TestSessionRotation" name="test_second_login_invalidates_first_session" time="1.038" /><testcase classname="tests.test_phase35_hardening.TestStructuredLogging" name="test_login_emits_event_line" time="1.532" /><testcase classname="tests.test_phase35_hardening.TestPasswordResetFlow" name="test_reset_end_to_end" time="1.662"><failure message="assert 429 == 401&#10; +  where 429 = &lt;Response [429]&gt;.status_code">backend/tests/test_phase35_hardening.py:376: in test_reset_end_to_end
    assert r_old.status_code == 401
E   assert 429 == 401
E    +  where 429 = &lt;Response [429]&gt;.status_code</failure></testcase><testcase classname="tests.test_phase35_hardening.TestRateLimitLast" name="test_login_429_after_5_wrong" time="132.063" /></testsuite></testsuites>