<?xml version="1.0" encoding="utf-8"?><testsuites name="pytest tests"><testsuite name="pytest" errors="0" failures="0" skipped="0" tests="4" time="34.207" timestamp="2026-07-09T21:54:44.424183+00:00" hostname="agent-env-fda4f6ed-b82e-47ce-9d64-25e60add53eb"><testcase classname="tests.test_phase3_fix2_final.TestFix1SmokeGenerate" name="test_generate_returns_job_id_immediately" time="5.450" /><testcase classname="tests.test_phase3_fix2_final.TestFix2Final" name="test_live_multiline_labeled_section_44AD" time="21.793" /><testcase classname="tests.test_phase3_fix2_final.TestFix2Final" name="test_live_multiline_labeled_ind_as_115" time="12.106" /><testcase classname="tests.test_phase3_fix2_final.TestNoCitationSelftestWarnings" name="test_after_last_startup_no_mismatch" time="0.002" /></testsuite></testsuites>