<?xml version="1.0" encoding="utf-8"?><testsuites name="pytest tests"><testsuite name="pytest" errors="0" failures="0" skipped="0" tests="22" time="1.740" timestamp="2026-07-09T23:15:03.902847+00:00" hostname="agent-env-fda4f6ed-b82e-47ce-9d64-25e60add53eb"><testcase classname="tests.test_phase4_content.TestSyllabus" name="test_list_all_16_papers" time="0.058" /><testcase classname="tests.test_phase4_content.TestSyllabus" name="test_chapter_counts" time="0.032" /><testcase classname="tests.test_phase4_content.TestSyllabus" name="test_chapter_shape" time="0.032" /><testcase classname="tests.test_phase4_content.TestSyllabus" name="test_paper_detail_anonymous_default_not_started" time="0.029" /><testcase classname="tests.test_phase4_content.TestSyllabus" name="test_paper_detail_authenticated_demo_I1" time="0.288" /><testcase classname="tests.test_phase4_content.TestSyllabus" name="test_progress_list_demo" time="0.039" /><testcase classname="tests.test_phase4_content.TestSyllabus" name="test_progress_upsert_no_duplicate" time="0.203" /><testcase classname="tests.test_phase4_content.TestRadar" name="test_alerts_unauth_full_count" time="0.034" /><testcase classname="tests.test_phase4_content.TestRadar" name="test_alerts_authenticated_filtered_by_level" time="0.065" /><testcase classname="tests.test_phase4_content.TestRadar" name="test_alerts_affected_topics_have_chapters" time="0.031" /><testcase classname="tests.test_phase4_content.TestRadar" name="test_summary_shape" time="0.072" /><testcase classname="tests.test_phase4_content.TestRadar" name="test_dismiss_alert_returns_ok" time="0.066" /><testcase classname="tests.test_phase4_content.TestContent" name="test_posts_list_count_20" time="0.031" /><testcase classname="tests.test_phase4_content.TestContent" name="test_post_detail_with_related" time="0.031" /><testcase classname="tests.test_phase4_content.TestContent" name="test_content_digest_demo" time="0.029" /><testcase classname="tests.test_phase4_content.TestRecap" name="test_weekly_recap_shape" time="0.036" /><testcase classname="tests.test_phase4_content.TestOpenAPI" name="test_openapi_public_and_phase4_present" time="0.039" /><testcase classname="tests.test_phase4_content.TestRegression" name="test_account_export_includes_new_collections" time="0.036" /><testcase classname="tests.test_phase4_content.TestRegression" name="test_live_pulse_still_works" time="0.035" /><testcase classname="tests.test_phase4_content.TestRegression" name="test_terms_privacy_frontend_routes_still_backed" time="0.072" /><testcase classname="tests.test_phase4_content.TestRegression" name="test_security_headers_present" time="0.030" /><testcase classname="tests.test_phase4_content.TestSyllabusEmptyStateFreshUser" name="test_fresh_user_no_journey_level" time="0.430" /></testsuite></testsuites>