<?xml version="1.0" encoding="utf-8"?><testsuites name="pytest tests"><testsuite name="pytest" errors="0" failures="0" skipped="0" tests="4" time="90.249" timestamp="2026-07-09T21:42:20.753732+00:00" hostname="agent-env-fda4f6ed-b82e-47ce-9d64-25e60add53eb"><testcase classname="tests.test_phase3_fixes.TestFix1StudyPlanAsyncJob" name="test_1a_generate_returns_immediately_with_job_id" time="88.967" /><testcase classname="tests.test_phase3_fixes.TestFix1StudyPlanAsyncJob" name="test_1b_status_returns_401_without_auth" time="0.391" /><testcase classname="tests.test_phase3_fixes.TestFix1StudyPlanAsyncJob" name="test_1b2_status_404_for_other_user_job" time="0.558" /><testcase classname="tests.test_phase3_fixes.TestFix1StudyPlanAsyncJob" name="test_1c_active_matches_and_archives_prior" time="0.011" /></testsuite></testsuites>