<?xml version="1.0" encoding="utf-8"?><testsuites name="pytest tests"><testsuite name="pytest" errors="0" failures="0" skipped="1" tests="44" time="19.285" timestamp="2026-07-13T11:50:00.949037+00:00" hostname="agent-env-fda4f6ed-b82e-47ce-9d64-25e60add53eb"><testcase classname="tests.test_phase6.TestFirms" name="test_list_firms" time="0.632" /><testcase classname="tests.test_phase6.TestFirms" name="test_list_firms_tier_filter" time="0.007" /><testcase classname="tests.test_phase6.TestFirms" name="test_list_firms_city_filter" time="0.007" /><testcase classname="tests.test_phase6.TestFirms" name="test_list_firms_sort_wlb" time="0.006" /><testcase classname="tests.test_phase6.TestFirms" name="test_list_firms_q_search" time="0.047" /><testcase classname="tests.test_phase6.TestFirms" name="test_firm_detail_deloitte" time="0.007" /><testcase classname="tests.test_phase6.TestFirms" name="test_review_requires_auth" time="0.070" /><testcase classname="tests.test_phase6.TestFirms" name="test_review_validation_low_rating" time="0.335" /><testcase classname="tests.test_phase6.TestFirms" name="test_review_validation_short_quote" time="0.414" /><testcase classname="tests.test_phase6.TestFirms" name="test_review_add_and_duplicate_block" time="0.562"><skipped type="pytest.skip" message="firm-review rate limit hit — clear bucket + rerun">/app/backend/tests/test_phase6.py:151: firm-review rate limit hit — clear bucket + rerun</skipped></testcase><testcase classname="tests.test_phase6.TestArticleship" name="test_get_me" time="0.049" /><testcase classname="tests.test_phase6.TestArticleship" name="test_put_me" time="0.096" /><testcase classname="tests.test_phase6.TestArticleship" name="test_leave_add_valid" time="0.047" /><testcase classname="tests.test_phase6.TestArticleship" name="test_leave_invalid_dates" time="0.047" /><testcase classname="tests.test_phase6.TestArticleship" name="test_leave_list" time="0.007" /><testcase classname="tests.test_phase6.TestArticleship" name="test_practical_log_valid" time="0.047" /><testcase classname="tests.test_phase6.TestArticleship" name="test_practical_log_invalid_hours" time="0.046" /><testcase classname="tests.test_phase6.TestArticleship" name="test_practical_log_short_desc" time="0.046" /><testcase classname="tests.test_phase6.TestArticleship" name="test_practical_log_list_with_aggregates" time="0.007" /><testcase classname="tests.test_phase6.TestArticleship" name="test_practical_to_syllabus" time="0.048" /><testcase classname="tests.test_phase6.TestArticleship" name="test_firm_match_big4" time="0.008" /><testcase classname="tests.test_phase6.TestCommunity" name="test_categories" time="0.007" /><testcase classname="tests.test_phase6.TestCommunity" name="test_thread_create_lower_level_ok" time="0.415" /><testcase classname="tests.test_phase6.TestCommunity" name="test_thread_create_general_ok" time="0.414" /><testcase classname="tests.test_phase6.TestCommunity" name="test_thread_create_careers_ok" time="0.415" /><testcase classname="tests.test_phase6.TestCommunity" name="test_thread_create_final_blocked" time="0.335" /><testcase classname="tests.test_phase6.TestCommunity" name="test_verify_ca_flow_and_final_bypass" time="0.505" /><testcase classname="tests.test_phase6.TestCommunity" name="test_verify_ca_input_validation" time="0.553" /><testcase classname="tests.test_phase6.TestVoting" name="test_voting_upvote_then_idempotent_then_flip_then_clear" time="0.584" /><testcase classname="tests.test_phase6.TestThreadRepliesFlow" name="test_thread_detail_and_reply_flow" time="0.482" /><testcase classname="tests.test_phase6.TestStudyGroups" name="test_list_seeded" time="0.007" /><testcase classname="tests.test_phase6.TestStudyGroups" name="test_create_join_leave" time="0.521" /><testcase classname="tests.test_phase6.TestStudyGroups" name="test_join_existing_seed_group" time="0.389" /><testcase classname="tests.test_phase6.TestWeakTopicAutoSchedule" name="test_submit_empty_produces_weak_topics_and_auto_schedule" time="0.522" /><testcase classname="tests.test_phase6.TestWeakTopicAutoSchedule" name="test_submit_i3_flags_seed_exhaustion" time="0.351" /><testcase classname="tests.test_phase6.TestRegression" name="test_public_openapi" time="0.054" /><testcase classname="tests.test_phase6.TestRegression" name="test_public_syllabus" time="0.034" /><testcase classname="tests.test_phase6.TestRegression" name="test_public_content_posts" time="0.031" /><testcase classname="tests.test_phase6.TestRegression" name="test_public_radar_alerts" time="0.032" /><testcase classname="tests.test_phase6.TestRegression" name="test_auth_me_includes_verified_ca_field" time="0.046" /><testcase classname="tests.test_phase6.TestRegression" name="test_mocks_authed" time="0.008" /><testcase classname="tests.test_phase6.TestRegression" name="test_flashcards_decks_authed" time="0.012" /><testcase classname="tests.test_phase6.TestRegression" name="test_dashboard" time="0.010" /><testcase classname="tests.test_phase6.TestPhase6RateLimit" name="test_review_rate_limit_5_per_24h" time="10.930" /></testsuite></testsuites>