<?xml version="1.0" encoding="utf-8"?><testsuites name="pytest tests"><testsuite name="pytest" errors="0" failures="0" skipped="0" tests="40" time="6.430" timestamp="2026-07-13T12:39:27.148102+00:00" hostname="agent-env-fda4f6ed-b82e-47ce-9d64-25e60add53eb"><testcase classname="tests.test_phase7.TestCareers" name="test_paths_public" time="0.052" /><testcase classname="tests.test_phase7.TestCareers" name="test_compare_certs_public" time="0.029" /><testcase classname="tests.test_phase7.TestJobs" name="test_list_jobs" time="0.030" /><testcase classname="tests.test_phase7.TestJobs" name="test_filter_by_type" time="0.030" /><testcase classname="tests.test_phase7.TestJobs" name="test_filter_by_location" time="0.031" /><testcase classname="tests.test_phase7.TestJobs" name="test_get_job_detail" time="0.101" /><testcase classname="tests.test_phase7.TestJobs" name="test_save_toggle" time="0.743" /><testcase classname="tests.test_phase7.TestJobs" name="test_saved_jobs_list" time="0.047" /><testcase classname="tests.test_phase7.TestJobs" name="test_create_job_blocked_non_verified" time="0.371" /><testcase classname="tests.test_phase7.TestJobs" name="test_create_job_allowed_after_verify" time="0.094" /><testcase classname="tests.test_phase7.TestReferralMarket" name="test_marketplace_list" time="0.030" /><testcase classname="tests.test_phase7.TestReferralMarket" name="test_apply_duplicate_blocked" time="0.124" /><testcase classname="tests.test_phase7.TestMentors" name="test_list_mentors" time="0.032" /><testcase classname="tests.test_phase7.TestMentors" name="test_mentor_detail" time="0.102" /><testcase classname="tests.test_phase7.TestMentors" name="test_book_and_mock_pay_flow" time="0.123" /><testcase classname="tests.test_phase7.TestCPE" name="test_list_records_and_summary" time="0.047" /><testcase classname="tests.test_phase7.TestCPE" name="test_add_edit_delete_cpe" time="0.235" /><testcase classname="tests.test_phase7.TestCPE" name="test_export" time="0.047" /><testcase classname="tests.test_phase7.TestRooms" name="test_room_full_flow" time="0.283" /><testcase classname="tests.test_phase7.TestRooms" name="test_non_host_timer_start_forbidden" time="0.443" /><testcase classname="tests.test_phase7.TestNotifications" name="test_list_notifications" time="0.007" /><testcase classname="tests.test_phase7.TestNotifications" name="test_mark_read_single" time="0.052" /><testcase classname="tests.test_phase7.TestNotifications" name="test_mark_all_read" time="0.053" /><testcase classname="tests.test_phase7.TestNotifications" name="test_preferences_get_put" time="0.091" /><testcase classname="tests.test_phase7.TestNotifications" name="test_push_subscribe_mocked" time="0.046" /><testcase classname="tests.test_phase7.TestReferralInvite" name="test_referral_me" time="0.047" /><testcase classname="tests.test_phase7.TestReferralInvite" name="test_invite_creates_events" time="0.046" /><testcase classname="tests.test_phase7.TestReferralInvite" name="test_leaderboard" time="0.072" /><testcase classname="tests.test_phase7.TestReferralInvite" name="test_lookup" time="0.118" /><testcase classname="tests.test_phase7.TestReferralInvite" name="test_signup_ref_attribution" time="1.500" /><testcase classname="tests.test_phase7.TestNotificationHooks" name="test_mock_submit_creates_notification" time="1.092" /><testcase classname="tests.test_phase7.TestFeedback" name="test_submit_feedback" time="0.007" /><testcase classname="tests.test_phase7.TestStatus" name="test_status_public" time="0.043" /><testcase classname="tests.test_phase7.TestTourFlag" name="test_tour_flag_persists" time="0.051" /><testcase classname="tests.test_phase7.TestRegression" name="test_openapi_public" time="0.065" /><testcase classname="tests.test_phase7.TestRegression" name="test_firms" time="0.008" /><testcase classname="tests.test_phase7.TestRegression" name="test_community_categories" time="0.005" /><testcase classname="tests.test_phase7.TestRegression" name="test_articleship_me" time="0.046" /><testcase classname="tests.test_phase7.TestRegression" name="test_syllabus" time="0.007" /><testcase classname="tests.test_phase7.TestRegression" name="test_auth_me" time="0.046" /></testsuite></testsuites>