<?xml version="1.0" encoding="utf-8"?><testsuites name="pytest tests"><testsuite name="pytest" errors="0" failures="0" skipped="0" tests="19" time="46.242" timestamp="2026-07-09T20:55:57.929583+00:00" hostname="agent-env-fda4f6ed-b82e-47ce-9d64-25e60add53eb"><testcase classname="tests.test_phase3.TestAuthRequired" name="test_mentor_sessions_requires_auth" time="0.582" /><testcase classname="tests.test_phase3.TestAuthRequired" name="test_mentor_chat_requires_auth" time="0.036" /><testcase classname="tests.test_phase3.TestAuthRequired" name="test_mentor_quick_requires_auth" time="0.031" /><testcase classname="tests.test_phase3.TestSeededMentor" name="test_two_seeded_sessions" time="0.670" /><testcase classname="tests.test_phase3.TestAuthRequired" name="test_study_plan_active_requires_auth" time="0.073" /><testcase classname="tests.test_phase3.TestSeededMentor" name="test_get_session_ind_as_115" time="0.053" /><testcase classname="tests.test_phase3.TestAuthRequired" name="test_study_plan_generate_requires_auth" time="0.030" /><testcase classname="tests.test_phase3.TestSeededMentor" name="test_get_session_gst" time="0.052" /><testcase classname="tests.test_phase3.TestMentorCreate" name="test_create_session_titles_from_message" time="0.477" /><testcase classname="tests.test_phase3.TestMentorQuick" name="test_quick_streams_and_no_persist" time="6.885" /><testcase classname="tests.test_phase3.TestMentorCreate" name="test_delete_soft_deletes" time="0.142" /><testcase classname="tests.test_phase3.TestStudyPlan" name="test_active_plan_seeded" time="0.008" /><testcase classname="tests.test_phase3.TestStudyPlan" name="test_generate_archives_previous_then_archive_returns_null" time="38.151" /><testcase classname="tests.test_phase3.TestMentorQuick" name="test_quick_rate_limit" time="0.337" /><testcase classname="tests.test_phase3.TestPhase2Regression" name="test_dashboard_and_focus_flow" time="0.112" /><testcase classname="tests.test_phase3.TestPhase2Regression" name="test_live_pulse_public" time="0.076" /><testcase classname="tests.test_phase3.TestSeedIdempotencyAfterPhase3" name="test_reseed_after_operations" time="0.668" /><testcase classname="tests.test_phase3.TestOpenAPIPhase3" name="test_openapi_lists_phase3_endpoints" time="0.092" /><testcase classname="tests.test_phase3.TestMentorChatStream" name="test_chat_streams_sse" time="6.281" /></testsuite></testsuites>