<?xml version="1.0" encoding="utf-8"?><testsuites name="pytest tests"><testsuite name="pytest" errors="0" failures="1" skipped="0" tests="9" time="29.549" timestamp="2026-07-09T21:41:28.698628+00:00" hostname="agent-env-fda4f6ed-b82e-47ce-9d64-25e60add53eb"><testcase classname="tests.test_phase3_fixes.TestFix2CitationsHardened" name="test_multiline_labeled_grouped_into_one_citation" time="1.861" /><testcase classname="tests.test_phase3_fixes.TestFix3SessionFlatShape" name="test_get_session_has_top_level_title_and_message_count" time="0.616" /><testcase classname="tests.test_phase3_fixes.TestFix4DashboardXpAlias" name="test_dashboard_has_both_xp_fields" time="0.057" /><testcase classname="tests.test_phase3_fixes.TestNoCitationSelftestWarnings" name="test_current_startup_no_warnings" time="0.002" /><testcase classname="tests.test_phase3_fixes.TestFix2CitationsHardened" name="test_multiline_dash_bullet_variant_grouped" time="0.000" /><testcase classname="tests.test_phase3_fixes.TestFix2CitationsHardened" name="test_compact_form_still_parses" time="0.000" /><testcase classname="tests.test_phase3_fixes.TestFix2CitationsHardened" name="test_single_line_labeled_still_parses" time="0.000" /><testcase classname="tests.test_phase3_fixes.TestFix2CitationsHardened" name="test_live_chat_multiline_labeled_prompt" time="19.056"><failure message="AssertionError: citation[0].section null — grouping failed. c0={'act': 'Income Tax Act, 1961', 'section': None, 'note': None}, all cits=[{'act': 'Income Tax Act, 1961', 'section': None, 'note': None}], content_tail=&quot; a tax audit\n\n2. **Once you opt out** (by declaring lower profit or otherwise), you **cannot use 44AD for the next 5 assessment years**.\n\n3. **Advance tax:** Pay advance tax on the deemed income. No presumption relief here.\n\n4. **Depreciation:** Allowed as per IT Act rates, but only if you declare profit higher than the presumptive rate.\n\n## Why Students Get This Wrong\n\n- Confusing 44AD (business) with 44ADA (professionals).\n- Forgetting the 5-year bar after opting out.\n- Assuming expenses are separately deductible (they're NOT — the 6%/8% already factors in all expenses).\n\n---\n\n**SOURCES:**\n\nAct/Standard: Income Tax Act, 1961\n\nSection/Para: Section 44AD\n\nNote: Presumptive taxation scheme for small businesses with turnover up to ₹2 crore; deemed profit of 6% (cash) or 8% (digital receipts)&quot;&#10;assert None&#10; +  where None = &lt;built-in method get of dict object at 0xfa6205f81dc0&gt;('section')&#10; +    where &lt;built-in method get of dict object at 0xfa6205f81dc0&gt; = {'act': 'Income Tax Act, 1961', 'section': None, 'note': None}.get">backend/tests/test_phase3_fixes.py:294: in test_live_chat_multiline_labeled_prompt
    assert c0.get("section"), \
E   AssertionError: citation[0].section null — grouping failed. c0={'act': 'Income Tax Act, 1961', 'section': None, 'note': None}, all cits=[{'act': 'Income Tax Act, 1961', 'section': None, 'note': None}], content_tail=" a tax audit\n\n2. **Once you opt out** (by declaring lower profit or otherwise), you **cannot use 44AD for the next 5 assessment years**.\n\n3. **Advance tax:** Pay advance tax on the deemed income. No presumption relief here.\n\n4. **Depreciation:** Allowed as per IT Act rates, but only if you declare profit higher than the presumptive rate.\n\n## Why Students Get This Wrong\n\n- Confusing 44AD (business) with 44ADA (professionals).\n- Forgetting the 5-year bar after opting out.\n- Assuming expenses are separately deductible (they're NOT — the 6%/8% already factors in all expenses).\n\n---\n\n**SOURCES:**\n\nAct/Standard: Income Tax Act, 1961\n\nSection/Para: Section 44AD\n\nNote: Presumptive taxation scheme for small businesses with turnover up to ₹2 crore; deemed profit of 6% (cash) or 8% (digital receipts)"
E   assert None
E    +  where None = &lt;built-in method get of dict object at 0xfa6205f81dc0&gt;('section')
E    +    where &lt;built-in method get of dict object at 0xfa6205f81dc0&gt; = {'act': 'Income Tax Act, 1961', 'section': None, 'note': None}.get</failure></testcase><testcase classname="tests.test_phase3_fixes.TestFix2CitationsHardened" name="test_live_chat_compact_form_prompt" time="7.961" /></testsuite></testsuites>