<?xml version="1.0" encoding="utf-8"?><testsuites name="pytest tests"><testsuite name="pytest" errors="0" failures="0" skipped="0" tests="30" time="6.301" timestamp="2026-07-09T20:29:39.284466+00:00" hostname="agent-env-fda4f6ed-b82e-47ce-9d64-25e60add53eb"><testcase classname="tests.backend_test.TestAuth" name="test_login_demo_user" time="0.819" /><testcase classname="tests.test_phase2.TestStats" name="test_stats_me" time="0.863" /><testcase classname="tests.backend_test.TestAuth" name="test_login_wrong_password" time="0.293" /><testcase classname="tests.test_phase2.TestStats" name="test_heatmap_365" time="0.215" /><testcase classname="tests.test_phase2.TestStats" name="test_weekly_7_ordered" time="0.033" /><testcase classname="tests.test_phase2.TestStats" name="test_monthly_30" time="0.262" /><testcase classname="tests.backend_test.TestAuth" name="test_signup_creates_user_and_cookie" time="0.296" /><testcase classname="tests.test_phase2.TestStats" name="test_subjects" time="0.035" /><testcase classname="tests.test_phase2.TestStats" name="test_hour_of_day" time="0.255" /><testcase classname="tests.backend_test.TestAuth" name="test_signup_duplicate_email" time="0.326" /><testcase classname="tests.backend_test.TestHealthAndOpenAPI" name="test_root_endpoint" time="0.031" /><testcase classname="tests.backend_test.TestHealthAndOpenAPI" name="test_openapi_public" time="0.036" /><testcase classname="tests.backend_test.TestOnboarding" name="test_onboarding_requires_auth" time="0.070" /><testcase classname="tests.backend_test.TestAuth" name="test_me_returns_401_when_unauthenticated" time="0.070" /><testcase classname="tests.backend_test.TestOnboarding" name="test_onboarding_saves_updates" time="0.848" /><testcase classname="tests.backend_test.TestAuth" name="test_me_with_cookie" time="0.518" /><testcase classname="tests.backend_test.TestAuth" name="test_me_with_bearer_token" time="0.365" /><testcase classname="tests.backend_test.TestSyllabus" name="test_syllabus_returns_seeded_data" time="0.033" /><testcase classname="tests.backend_test.TestSyllabus" name="test_syllabus_filter_by_level" time="0.071" /><testcase classname="tests.backend_test.TestAuth" name="test_logout_invalidates_session" time="0.547" /><testcase classname="tests.test_phase2.TestFocusFlow" name="test_focus_start_active_complete" time="0.898" /><testcase classname="tests.test_phase2.TestPublicEndpoints" name="test_live_pulse_public" time="0.032" /><testcase classname="tests.test_phase2.TestPublicEndpoints" name="test_openapi_public" time="0.031" /><testcase classname="tests.test_phase2.TestAuthRegression" name="test_login_demo" time="0.296" /><testcase classname="tests.test_phase2.TestFocusFlow" name="test_focus_cancel" time="0.847" /><testcase classname="tests.test_phase2.TestAchievements" name="test_achievements_shape" time="0.478" /><testcase classname="tests.test_phase2.TestDashboard" name="test_dashboard" time="0.036" /><testcase classname="tests.test_phase2.TestOnboardingAndFounder" name="test_signup_unlocks_founder_and_onboarding_city" time="0.348" /><testcase classname="tests.backend_test.TestSeedIdempotent" name="test_seed_twice_no_duplicates" time="0.596" /><testcase classname="tests.test_phase2.TestSeedIdempotency" name="test_seed_idempotent_no_dup_sessions" time="0.852" /></testsuite></testsuites>