<?xml version="1.0" encoding="utf-8"?><testsuites name="pytest tests"><testsuite name="pytest" errors="0" failures="1" skipped="0" tests="15" time="3.621" timestamp="2026-07-09T19:28:34.777375+00:00" hostname="agent-env-fda4f6ed-b82e-47ce-9d64-25e60add53eb"><testcase classname="tests.backend_test.TestHealthAndOpenAPI" name="test_root_endpoint" time="0.608" /><testcase classname="tests.backend_test.TestAuth" name="test_login_demo_user" time="0.833" /><testcase classname="tests.backend_test.TestHealthAndOpenAPI" name="test_openapi_public" time="0.035"><failure message="requests.exceptions.JSONDecodeError: Expecting value: line 1 column 1 (char 0)">/root/.venv/lib/python3.11/site-packages/requests/models.py:1116: in json
    return complexjson.loads(self.text, **kwargs)
           ^^^^^^^^^^^^^^^^^^^^^^^^^^^^^^^^^^^^^^
/usr/local/lib/python3.11/json/__init__.py:346: in loads
    return _default_decoder.decode(s)
           ^^^^^^^^^^^^^^^^^^^^^^^^^^
/usr/local/lib/python3.11/json/decoder.py:337: in decode
    obj, end = self.raw_decode(s, idx=_w(s, 0).end())
               ^^^^^^^^^^^^^^^^^^^^^^^^^^^^^^^^^^^^^^
/usr/local/lib/python3.11/json/decoder.py:355: in raw_decode
    raise JSONDecodeError("Expecting value", s, err.value) from None
E   json.decoder.JSONDecodeError: Expecting value: line 1 column 1 (char 0)

During handling of the above exception, another exception occurred:
backend/tests/backend_test.py:54: in test_openapi_public
    j = r.json()
        ^^^^^^^^
/root/.venv/lib/python3.11/site-packages/requests/models.py:1120: in json
    raise RequestsJSONDecodeError(e.msg, e.doc, e.pos)
E   requests.exceptions.JSONDecodeError: Expecting value: line 1 column 1 (char 0)</failure></testcase><testcase classname="tests.backend_test.TestOnboarding" name="test_onboarding_requires_auth" time="0.103" /><testcase classname="tests.backend_test.TestOnboarding" name="test_onboarding_saves_updates" time="0.990" /><testcase classname="tests.backend_test.TestAuth" name="test_login_wrong_password" time="0.435" /><testcase classname="tests.backend_test.TestAuth" name="test_signup_creates_user_and_cookie" time="0.254" /><testcase classname="tests.backend_test.TestAuth" name="test_signup_duplicate_email" time="0.324" /><testcase classname="tests.backend_test.TestSyllabus" name="test_syllabus_returns_seeded_data" time="0.032" /><testcase classname="tests.backend_test.TestSyllabus" name="test_syllabus_filter_by_level" time="0.070" /><testcase classname="tests.backend_test.TestAuth" name="test_me_returns_401_when_unauthenticated" time="0.031" /><testcase classname="tests.backend_test.TestAuth" name="test_me_with_cookie" time="0.519" /><testcase classname="tests.backend_test.TestSeedIdempotent" name="test_seed_twice_no_duplicates" time="1.062" /><testcase classname="tests.backend_test.TestAuth" name="test_me_with_bearer_token" time="0.547" /><testcase classname="tests.backend_test.TestAuth" name="test_logout_invalidates_session" time="0.372" /></testsuite></testsuites>